# JRE version: Java(TM) SE Runtime Environment (8.0_66-b18) (build 1.8.0_66-b18)
# Java VM: Java HotSpot(TM) 64-Bit Server VM (25.66-b18 mixed mode windows-amd64 compressed oops)
Heap:
 par new generation   total 306688K, used 230192K [0x0000000080000000, 0x0000000094cc0000, 0x0000000094cc0000)
  eden space 272640K,  73% used [0x0000000080000000, 0x000000008c310e88, 0x0000000090a40000)
  from space 34048K,  89% used [0x0000000090a40000, 0x00000000927fb200, 0x0000000092b80000)
  to   space 34048K,   0% used [0x0000000092b80000, 0x0000000092b80000, 0x0000000094cc0000)
 concurrent mark-sweep generation total 1756416K, used 71072K [0x0000000094cc0000, 0x0000000100000000, 0x0000000100000000)
 Metaspace       used 47644K, capacity 50566K, committed 50712K, reserved 1093632K
  class space    used 6473K, capacity 7480K, committed 7540K, reserved 1048576K
GC Heap History (8 events):
Event: 17.847 GC heap before
{Heap before GC invocations=0 (full 0):
 par new generation   total 306688K, used 272640K [0x0000000080000000, 0x0000000094cc0000, 0x0000000094cc0000)
  eden space 272640K, 100% used [0x0000000080000000, 0x0000000090a40000, 0x0000000090a40000)
  from space 34048K,   0% used [0x0000000090a40000, 0x0000000090a40000, 0x0000000092b80000)
  to   space 34048K,   0% used [0x0000000092b80000, 0x0000000092b80000, 0x0000000094cc0000)
 concurrent mark-sweep generation total 1756416K, used 0K [0x0000000094cc0000, 0x0000000100000000, 0x0000000100000000)
 Metaspace       used 17883K, capacity 18558K, committed 18816K, reserved 1064960K
  class space    used 2324K, capacity 2614K, committed 2688K, reserved 1048576K
Event: 17.876 GC heap after
Heap after GC invocations=1 (full 0):
 par new generation   total 306688K, used 19693K [0x0000000080000000, 0x0000000094cc0000, 0x0000000094cc0000)
  eden space 272640K,   0% used [0x0000000080000000, 0x0000000080000000, 0x0000000090a40000)
  from space 34048K,  57% used [0x0000000092b80000, 0x0000000093ebb528, 0x0000000094cc0000)
  to   space 34048K,   0% used [0x0000000090a40000, 0x0000000090a40000, 0x0000000092b80000)
 concurrent mark-sweep generation total 1756416K, used 0K [0x0000000094cc0000, 0x0000000100000000, 0x0000000100000000)
 Metaspace       used 17883K, capacity 18558K, committed 18816K, reserved 1064960K
  class space    used 2324K, capacity 2614K, committed 2688K, reserved 1048576K
}
Event: 26.978 GC heap before
{Heap before GC invocations=1 (full 1):
 par new generation   total 306688K, used 292333K [0x0000000080000000, 0x0000000094cc0000, 0x0000000094cc0000)
  eden space 272640K, 100% used [0x0000000080000000, 0x0000000090a40000, 0x0000000090a40000)
  from space 34048K,  57% used [0x0000000092b80000, 0x0000000093ebb528, 0x0000000094cc0000)
  to   space 34048K,   0% used [0x0000000090a40000, 0x0000000090a40000, 0x0000000092b80000)
 concurrent mark-sweep generation total 1756416K, used 0K [0x0000000094cc0000, 0x0000000100000000, 0x0000000100000000)
 Metaspace       used 41735K, capacity 44280K, committed 44460K, reserved 1087488K
  class space    used 5786K, capacity 6707K, committed 6772K, reserved 1048576K
Event: 27.047 GC heap after
Heap after GC invocations=2 (full 1):
 par new generation   total 306688K, used 34048K [0x0000000080000000, 0x0000000094cc0000, 0x0000000094cc0000)
  eden space 272640K,   0% used [0x0000000080000000, 0x0000000080000000, 0x0000000090a40000)
  from space 34048K, 100% used [0x0000000090a40000, 0x0000000092b80000, 0x0000000092b80000)
  to   space 34048K,   0% used [0x0000000092b80000, 0x0000000092b80000, 0x0000000094cc0000)
 concurrent mark-sweep generation total 1756416K, used 9666K [0x0000000094cc0000, 0x0000000100000000, 0x0000000100000000)
 Metaspace       used 41735K, capacity 44280K, committed 44460K, reserved 1087488K
  class space    used 5786K, capacity 6707K, committed 6772K, reserved 1048576K
}
Event: 32.445 GC heap before
{Heap before GC invocations=2 (full 1):
 par new generation   total 306688K, used 306688K [0x0000000080000000, 0x0000000094cc0000, 0x0000000094cc0000)
  eden space 272640K, 100% used [0x0000000080000000, 0x0000000090a40000, 0x0000000090a40000)
  from space 34048K, 100% used [0x0000000090a40000, 0x0000000092b80000, 0x0000000092b80000)
  to   space 34048K,   0% used [0x0000000092b80000, 0x0000000092b80000, 0x0000000094cc0000)
 concurrent mark-sweep generation total 1756416K, used 9666K [0x0000000094cc0000, 0x0000000100000000, 0x0000000100000000)
 Metaspace       used 46009K, capacity 48826K, committed 48920K, reserved 1091584K
  class space    used 6306K, capacity 7254K, committed 7284K, reserved 1048576K
Event: 32.488 GC heap after
Heap after GC invocations=3 (full 1):
 par new generation   total 306688K, used 34048K [0x0000000080000000, 0x0000000094cc0000, 0x0000000094cc0000)
  eden space 272640K,   0% used [0x0000000080000000, 0x0000000080000000, 0x0000000090a40000)
  from space 34048K, 100% used [0x0000000092b80000, 0x0000000094cc0000, 0x0000000094cc0000)
  to   space 34048K,   0% used [0x0000000090a40000, 0x0000000090a40000, 0x0000000092b80000)
 concurrent mark-sweep generation total 1756416K, used 38822K [0x0000000094cc0000, 0x0000000100000000, 0x0000000100000000)
 Metaspace       used 46009K, capacity 48826K, committed 48920K, reserved 1091584K
  class space    used 6306K, capacity 7254K, committed 7284K, reserved 1048576K
}
Event: 33.399 GC heap before
{Heap before GC invocations=3 (full 1):
 par new generation   total 306688K, used 306688K [0x0000000080000000, 0x0000000094cc0000, 0x0000000094cc0000)
  eden space 272640K, 100% used [0x0000000080000000, 0x0000000090a40000, 0x0000000090a40000)
  from space 34048K, 100% used [0x0000000092b80000, 0x0000000094cc0000, 0x0000000094cc0000)
  to   space 34048K,   0% used [0x0000000090a40000, 0x0000000090a40000, 0x0000000092b80000)
 concurrent mark-sweep generation total 1756416K, used 38822K [0x0000000094cc0000, 0x0000000100000000, 0x0000000100000000)
 Metaspace       used 46447K, capacity 49340K, committed 49560K, reserved 1091584K
  class space    used 6366K, capacity 7349K, committed 7412K, reserved 1048576K
Event: 33.457 GC heap after
Heap after GC invocations=4 (full 1):
 par new generation   total 306688K, used 30444K [0x0000000080000000, 0x0000000094cc0000, 0x0000000094cc0000)
  eden space 272640K,   0% used [0x0000000080000000, 0x0000000080000000, 0x0000000090a40000)
  from space 34048K,  89% used [0x0000000090a40000, 0x00000000927fb200, 0x0000000092b80000)
  to   space 34048K,   0% used [0x0000000092b80000, 0x0000000092b80000, 0x0000000094cc0000)
 concurrent mark-sweep generation total 1756416K, used 71072K [0x0000000094cc0000, 0x0000000100000000, 0x0000000100000000)
 Metaspace       used 46447K, capacity 49340K, committed 49560K, reserved 1091584K
  class space    used 6366K, capacity 7349K, committed 7412K, reserved 1048576K
}

